<?xml version="1.0" encoding="UTF-8"?>
<!-- Generated by org.testng.reporters.JUnitReportReporter -->
<testsuite hostname="0810" name="teamworktests.TestAddTaskToTaskList" tests="1" failures="0" timestamp="27 Dec 2015 14:35:57 GMT" time="29.446" errors="0">
  <testcase name="test1" time="29.446" classname="teamworktests.TestAddTaskToTaskList"/>
</testsuite> <!-- teamworktests.TestAddTaskToTaskList -->
