<?xml version="1.0" encoding="UTF-8"?>
<!-- Generated by org.testng.reporters.JUnitReportReporter -->
<testsuite hostname="0810" name="com.topq.test.TestLeads" tests="1" failures="0" timestamp="23 Dec 2015 17:01:20 GMT" time="27.687" errors="0">
  <testcase name="testCreateNewLead" time="27.687" classname="com.topq.test.TestLeads"/>
</testsuite> <!-- com.topq.test.TestLeads -->
