<?xml version="1.0" encoding="UTF-8"?>
<!-- Generated by org.testng.reporters.JUnitReportReporter -->
<testsuite hostname="0810" name="com.topq.test.TestPageFactor" tests="1" failures="0" timestamp="23 Dec 2015 10:10:29 GMT" time="9.807" errors="0">
  <testcase name="testAll" time="9.807" classname="com.topq.test.TestPageFactor"/>
</testsuite> <!-- com.topq.test.TestPageFactor -->
